<?xml version="1.0" encoding="UTF-8"?>
<testsuite xmlns:xsi="http://www.w3.org/2001/XMLSchema-instance" xsi:noNamespaceSchemaLocation="https://maven.apache.org/surefire/maven-surefire-plugin/xsd/surefire-test-report.xsd" name="com.singleList.EnumSourceTest" time="0.051" tests="17" errors="0" skipped="0" failures="0">
  <properties>
    <property name="sun.desktop" value="windows"/>
    <property name="awt.toolkit" value="sun.awt.windows.WToolkit"/>
    <property name="file.encoding.pkg" value="sun.io"/>
    <property name="java.specification.version" value="1.8"/>
    <property name="sun.cpu.isalist" value="amd64"/>
    <property name="sun.jnu.encoding" value="Cp1252"/>
    <property name="java.class.path" value="C:\Clases\Workspace 2021-09\SingleList\target\test-classes;C:\Clases\Workspace 2021-09\SingleList\target\classes;C:\Users\prestamoSI\.m2\repository\org\junit\jupiter\junit-jupiter-engine\5.7.1\junit-jupiter-engine-5.7.1.jar;C:\Users\prestamoSI\.m2\repository\org\apiguardian\apiguardian-api\1.1.0\apiguardian-api-1.1.0.jar;C:\Users\prestamoSI\.m2\repository\org\junit\platform\junit-platform-engine\1.7.1\junit-platform-engine-1.7.1.jar;C:\Users\prestamoSI\.m2\repository\org\opentest4j\opentest4j\1.2.0\opentest4j-1.2.0.jar;C:\Users\prestamoSI\.m2\repository\org\junit\platform\junit-platform-commons\1.7.1\junit-platform-commons-1.7.1.jar;C:\Users\prestamoSI\.m2\repository\org\junit\jupiter\junit-jupiter-api\5.7.1\junit-jupiter-api-5.7.1.jar;C:\Users\prestamoSI\.m2\repository\org\junit\jupiter\junit-jupiter-params\5.7.1\junit-jupiter-params-5.7.1.jar;C:\Users\prestamoSI\.m2\repository\org\junit\platform\junit-platform-runner\1.8.0\junit-platform-runner-1.8.0.jar;C:\Users\prestamoSI\.m2\repository\junit\junit\4.13.2\junit-4.13.2.jar;C:\Users\prestamoSI\.m2\repository\org\hamcrest\hamcrest-core\1.3\hamcrest-core-1.3.jar;C:\Users\prestamoSI\.m2\repository\org\junit\platform\junit-platform-launcher\1.8.0\junit-platform-launcher-1.8.0.jar;C:\Users\prestamoSI\.m2\repository\org\junit\platform\junit-platform-suite-api\1.8.0\junit-platform-suite-api-1.8.0.jar;C:\Users\prestamoSI\.m2\repository\org\junit\platform\junit-platform-suite-commons\1.8.0\junit-platform-suite-commons-1.8.0.jar;"/>
    <property name="java.vm.vendor" value="Oracle Corporation"/>
    <property name="sun.arch.data.model" value="64"/>
    <property name="user.variant" value=""/>
    <property name="java.vendor.url" value="http://java.oracle.com/"/>
    <property name="user.timezone" value="Europe/Paris"/>
    <property name="java.vm.specification.version" value="1.8"/>
    <property name="os.name" value="Windows 10"/>
    <property name="user.country" value="ES"/>
    <property name="sun.java.launcher" value="SUN_STANDARD"/>
    <property name="sun.boot.library.path" value="C:\Program Files\Java\jdk1.8.0_301\jre\bin"/>
    <property name="sun.java.command" value="C:\Users\PRESTA~1\AppData\Local\Temp\surefire8414078796347265266\surefirebooter1610200628297009245.jar C:\Users\prestamoSI\AppData\Local\Temp\surefire8414078796347265266 2021-09-28T18-21-20_108-jvmRun1 surefire428004791697440780tmp surefire_04329125606420580620tmp"/>
    <property name="surefire.test.class.path" value="C:\Clases\Workspace 2021-09\SingleList\target\test-classes;C:\Clases\Workspace 2021-09\SingleList\target\classes;C:\Users\prestamoSI\.m2\repository\org\junit\jupiter\junit-jupiter-engine\5.7.1\junit-jupiter-engine-5.7.1.jar;C:\Users\prestamoSI\.m2\repository\org\apiguardian\apiguardian-api\1.1.0\apiguardian-api-1.1.0.jar;C:\Users\prestamoSI\.m2\repository\org\junit\platform\junit-platform-engine\1.7.1\junit-platform-engine-1.7.1.jar;C:\Users\prestamoSI\.m2\repository\org\opentest4j\opentest4j\1.2.0\opentest4j-1.2.0.jar;C:\Users\prestamoSI\.m2\repository\org\junit\platform\junit-platform-commons\1.7.1\junit-platform-commons-1.7.1.jar;C:\Users\prestamoSI\.m2\repository\org\junit\jupiter\junit-jupiter-api\5.7.1\junit-jupiter-api-5.7.1.jar;C:\Users\prestamoSI\.m2\repository\org\junit\jupiter\junit-jupiter-params\5.7.1\junit-jupiter-params-5.7.1.jar;C:\Users\prestamoSI\.m2\repository\org\junit\platform\junit-platform-runner\1.8.0\junit-platform-runner-1.8.0.jar;C:\Users\prestamoSI\.m2\repository\junit\junit\4.13.2\junit-4.13.2.jar;C:\Users\prestamoSI\.m2\repository\org\hamcrest\hamcrest-core\1.3\hamcrest-core-1.3.jar;C:\Users\prestamoSI\.m2\repository\org\junit\platform\junit-platform-launcher\1.8.0\junit-platform-launcher-1.8.0.jar;C:\Users\prestamoSI\.m2\repository\org\junit\platform\junit-platform-suite-api\1.8.0\junit-platform-suite-api-1.8.0.jar;C:\Users\prestamoSI\.m2\repository\org\junit\platform\junit-platform-suite-commons\1.8.0\junit-platform-suite-commons-1.8.0.jar;"/>
    <property name="sun.cpu.endian" value="little"/>
    <property name="user.home" value="C:\Users\prestamoSI"/>
    <property name="user.language" value="es"/>
    <property name="java.specification.vendor" value="Oracle Corporation"/>
    <property name="java.home" value="C:\Program Files\Java\jdk1.8.0_301\jre"/>
    <property name="basedir" value="C:\Clases\Workspace 2021-09\SingleList"/>
    <property name="file.separator" value="\"/>
    <property name="line.separator" value="&#10;"/>
    <property name="java.vm.specification.vendor" value="Oracle Corporation"/>
    <property name="java.specification.name" value="Java Platform API Specification"/>
    <property name="java.awt.graphicsenv" value="sun.awt.Win32GraphicsEnvironment"/>
    <property name="surefire.real.class.path" value="C:\Users\PRESTA~1\AppData\Local\Temp\surefire8414078796347265266\surefirebooter1610200628297009245.jar"/>
    <property name="sun.boot.class.path" value="C:\Program Files\Java\jdk1.8.0_301\jre\lib\resources.jar;C:\Program Files\Java\jdk1.8.0_301\jre\lib\rt.jar;C:\Program Files\Java\jdk1.8.0_301\jre\lib\sunrsasign.jar;C:\Program Files\Java\jdk1.8.0_301\jre\lib\jsse.jar;C:\Program Files\Java\jdk1.8.0_301\jre\lib\jce.jar;C:\Program Files\Java\jdk1.8.0_301\jre\lib\charsets.jar;C:\Program Files\Java\jdk1.8.0_301\jre\lib\jfr.jar;C:\Program Files\Java\jdk1.8.0_301\jre\classes"/>
    <property name="user.script" value=""/>
    <property name="sun.management.compiler" value="HotSpot 64-Bit Tiered Compilers"/>
    <property name="java.runtime.version" value="1.8.0_301-b09"/>
    <property name="user.name" value="prestamoSI"/>
    <property name="path.separator" value=";"/>
    <property name="os.version" value="10.0"/>
    <property name="java.endorsed.dirs" value="C:\Program Files\Java\jdk1.8.0_301\jre\lib\endorsed"/>
    <property name="java.runtime.name" value="Java(TM) SE Runtime Environment"/>
    <property name="file.encoding" value="Cp1252"/>
    <property name="java.vm.name" value="Java HotSpot(TM) 64-Bit Server VM"/>
    <property name="localRepository" value="C:\Users\prestamoSI\.m2\repository"/>
    <property name="java.vendor.url.bug" value="http://bugreport.sun.com/bugreport/"/>
    <property name="java.io.tmpdir" value="C:\Users\PRESTA~1\AppData\Local\Temp\"/>
    <property name="java.version" value="1.8.0_301"/>
    <property name="user.dir" value="C:\Clases\Workspace 2021-09\SingleList"/>
    <property name="os.arch" value="amd64"/>
    <property name="java.vm.specification.name" value="Java Virtual Machine Specification"/>
    <property name="java.awt.printerjob" value="sun.awt.windows.WPrinterJob"/>
    <property name="sun.os.patch.level" value=""/>
    <property name="java.library.path" value="C:\Program Files\Java\jdk1.8.0_301\jre\bin;C:\WINDOWS\Sun\Java\bin;C:\WINDOWS\system32;C:\WINDOWS;C:/Users/prestamoSI/.p2/pool/plugins/org.eclipse.justj.openjdk.hotspot.jre.full.win32.x86_64_16.0.2.v20210721-1149/jre/bin/server;C:/Users/prestamoSI/.p2/pool/plugins/org.eclipse.justj.openjdk.hotspot.jre.full.win32.x86_64_16.0.2.v20210721-1149/jre/bin;C:\Program Files\Common Files\Oracle\Java\javapath;C:\Program Files (x86)\Common Files\Oracle\Java\javapath;C:\Program Files (x86)\Intel\Intel(R) Management Engine Components\iCLS\;C:\Program Files\Intel\Intel(R) Management Engine Components\iCLS\;C:\WINDOWS\system32;C:\WINDOWS;C:\WINDOWS\System32\Wbem;C:\WINDOWS\System32\WindowsPowerShell\v1.0\;C:\WINDOWS\System32\OpenSSH\;C:\Program Files\Intel\WiFi\bin\;C:\Program Files\Common Files\Intel\WirelessCommon\;C:\Program Files (x86)\Intel\Intel(R) Management Engine Components\DAL;C:\Program Files\Intel\Intel(R) Management Engine Components\DAL;C:\Program Files\Git\cmd;C:\Program Files\Java\jdk1.8.0_301\\bin;C:\Software\apache-maven-3.6.3\\bin;C:\Users\prestamoSI\AppData\Local\Microsoft\WindowsApps;;C:\Program Files\JetBrains\IntelliJ IDEA Community Edition 2021.2.2\bin;;C:\Users\prestamoSI\OneDrive - Universidad PolitÃ©cnica de Madrid\Escritorio;;."/>
    <property name="java.vm.info" value="mixed mode"/>
    <property name="java.vendor" value="Oracle Corporation"/>
    <property name="java.vm.version" value="25.301-b09"/>
    <property name="java.ext.dirs" value="C:\Program Files\Java\jdk1.8.0_301\jre\lib\ext;C:\WINDOWS\Sun\Java\lib\ext"/>
    <property name="sun.io.unicode.encoding" value="UnicodeLittle"/>
    <property name="java.class.version" value="52.0"/>
  </properties>
  <testcase name="test_enum_include{Size}[1]" classname="com.singleList.EnumSourceTest" time="0.016"/>
  <testcase name="test_enum_include{Size}[2]" classname="com.singleList.EnumSourceTest" time="0.001"/>
  <testcase name="test_enum_include{Size}[3]" classname="com.singleList.EnumSourceTest" time="0"/>
  <testcase name="test_enum_include{Size}[4]" classname="com.singleList.EnumSourceTest" time="0.001"/>
  <testcase name="test_enum{Size}[1]" classname="com.singleList.EnumSourceTest" time="0.001"/>
  <testcase name="test_enum{Size}[2]" classname="com.singleList.EnumSourceTest" time="0.001"/>
  <testcase name="test_enum{Size}[3]" classname="com.singleList.EnumSourceTest" time="0"/>
  <testcase name="test_enum{Size}[4]" classname="com.singleList.EnumSourceTest" time="0.001"/>
  <testcase name="test_enum{Size}[5]" classname="com.singleList.EnumSourceTest" time="0"/>
  <testcase name="test_enum{Size}[6]" classname="com.singleList.EnumSourceTest" time="0"/>
  <testcase name="test_enum{Size}[7]" classname="com.singleList.EnumSourceTest" time="0.001"/>
  <testcase name="test_enum{Size}[8]" classname="com.singleList.EnumSourceTest" time="0.001"/>
  <testcase name="test_enum_exclude{Size}[1]" classname="com.singleList.EnumSourceTest" time="0"/>
  <testcase name="test_enum_exclude{Size}[2]" classname="com.singleList.EnumSourceTest" time="0"/>
  <testcase name="test_enum_exclude{Size}[3]" classname="com.singleList.EnumSourceTest" time="0.001"/>
  <testcase name="test_enum_exclude{Size}[4]" classname="com.singleList.EnumSourceTest" time="0"/>
  <testcase name="test_enum_exclude{Size}[5]" classname="com.singleList.EnumSourceTest" time="0.001"/>
</testsuite>